{"ts": "2026-07-07T05:40:00", "level": "DEBUG", "logger": "root", "msg": "Logging initialised — file=logs/trading_bot.log, orders=logs/orders.log"}
{"ts": "2026-07-07T05:40:00", "level": "DEBUG", "logger": "bot.client", "msg": "BinanceClient initialised", "base_url": "https://testnet.binancefuture.com", "timeout": 10}
{"ts": "2026-07-07T05:40:00", "level": "DEBUG", "logger": "bot.client", "msg": "HTTP GET https://testnet.binancefuture.com/fapi/v1/exchangeInfo (attempt 1)", "url": "https://testnet.binancefuture.com/fapi/v1/exchangeInfo"}
{"ts": "2026-07-07T05:40:00", "level": "DEBUG", "logger": "bot.client", "msg": "HTTP 200 from https://testnet.binancefuture.com/fapi/v1/exchangeInfo", "status_code": 200, "url": "https://testnet.binancefuture.com/fapi/v1/exchangeInfo"}
{"ts": "2026-07-07T05:40:00", "level": "INFO", "logger": "bot.client", "msg": "exchange_info fetched and cached (347 symbols)"}
{"ts": "2026-07-07T05:40:01", "level": "INFO", "logger": "bot.orders", "msg": "→ MARKET BUY BTCUSDT qty=0.002"}
{"ts": "2026-07-07T05:40:01", "level": "INFO", "logger": "bot.client", "msg": "Placing order: {'symbol': 'BTCUSDT', 'side': 'BUY', 'type': 'MARKET', 'quantity': '0.002'}", "event": "order.request", "order_params": {"symbol": "BTCUSDT", "side": "BUY", "type": "MARKET", "quantity": "0.002", "timestamp": "1783402801050"}}
{"ts": "2026-07-07T05:40:01", "level": "DEBUG", "logger": "bot.client", "msg": "HTTP POST https://testnet.binancefuture.com/fapi/v1/order (attempt 1)", "url": "https://testnet.binancefuture.com/fapi/v1/order"}
{"ts": "2026-07-07T05:40:01", "level": "DEBUG", "logger": "bot.client", "msg": "HTTP 200 from https://testnet.binancefuture.com/fapi/v1/order", "status_code": 200, "url": "https://testnet.binancefuture.com/fapi/v1/order"}
{"ts": "2026-07-07T05:40:01", "level": "INFO", "logger": "bot.client", "msg": "Order placed — id=4854921 status=FILLED", "event": "order.placed", "order_id": 4854921, "status": "FILLED"}
{"ts": "2026-07-07T05:40:01", "level": "INFO", "logger": "bot.orders", "msg": "Order recorded — id=4854921 symbol=BTCUSDT status=FILLED execQty=0.002 avgPrice=65234.40", "event": "order.recorded", "order_id": 4854921, "symbol": "BTCUSDT", "side": "BUY", "type": "MARKET", "status": "FILLED", "orig_qty": "0.002", "executed_qty": "0.002", "avg_price": "65234.40000", "price": "0"}
{"ts": "2026-07-07T05:40:05", "level": "INFO", "logger": "bot.orders", "msg": "→ LIMIT SELL BTCUSDT qty=0.001 price=67000.0 tif=GTC"}
{"ts": "2026-07-07T05:40:05", "level": "INFO", "logger": "bot.client", "msg": "Placing order: {'symbol': 'BTCUSDT', 'side': 'SELL', 'type': 'LIMIT', 'quantity': '0.001', 'timeInForce': 'GTC', 'price': '67000.0'}", "event": "order.request", "order_params": {"symbol": "BTCUSDT", "side": "SELL", "type": "LIMIT", "quantity": "0.001", "timeInForce": "GTC", "price": "67000.0", "timestamp": "1783402805040"}}
{"ts": "2026-07-07T05:40:05", "level": "DEBUG", "logger": "bot.client", "msg": "HTTP POST https://testnet.binancefuture.com/fapi/v1/order (attempt 1)", "url": "https://testnet.binancefuture.com/fapi/v1/order"}
{"ts": "2026-07-07T05:40:05", "level": "DEBUG", "logger": "bot.client", "msg": "HTTP 200 from https://testnet.binancefuture.com/fapi/v1/order", "status_code": 200, "url": "https://testnet.binancefuture.com/fapi/v1/order"}
{"ts": "2026-07-07T05:40:05", "level": "INFO", "logger": "bot.client", "msg": "Order placed — id=4854988 status=NEW", "event": "order.placed", "order_id": 4854988, "status": "NEW"}
{"ts": "2026-07-07T05:40:05", "level": "INFO", "logger": "bot.orders", "msg": "Order recorded — id=4854988 symbol=BTCUSDT status=NEW execQty=0.0 avgPrice=0.0", "event": "order.recorded", "order_id": 4854988, "symbol": "BTCUSDT", "side": "SELL", "type": "LIMIT", "status": "NEW", "orig_qty": "0.001", "executed_qty": "0.0", "avg_price": "0.00000", "price": "67000.0"}
{"ts": "2026-07-07T05:40:09", "level": "INFO", "logger": "bot.orders", "msg": "→ STOP_LIMIT BUY BTCUSDT qty=0.001 price=66200.0 stopPrice=66000.0"}
{"ts": "2026-07-07T05:40:09", "level": "INFO", "logger": "bot.client", "msg": "Placing order: {'symbol': 'BTCUSDT', 'side': 'BUY', 'type': 'STOP', 'quantity': '0.001', 'timeInForce': 'GTC', 'price': '66200.0', 'stopPrice': '66000.0'}", "event": "order.request", "order_params": {"symbol": "BTCUSDT", "side": "BUY", "type": "STOP", "quantity": "0.001", "timeInForce": "GTC", "price": "66200.0", "stopPrice": "66000.0", "timestamp": "1783402809040"}}
{"ts": "2026-07-07T05:40:09", "level": "DEBUG", "logger": "bot.client", "msg": "HTTP POST https://testnet.binancefuture.com/fapi/v1/order (attempt 1)", "url": "https://testnet.binancefuture.com/fapi/v1/order"}
{"ts": "2026-07-07T05:40:09", "level": "DEBUG", "logger": "bot.client", "msg": "HTTP 200 from https://testnet.binancefuture.com/fapi/v1/order", "status_code": 200, "url": "https://testnet.binancefuture.com/fapi/v1/order"}
{"ts": "2026-07-07T05:40:09", "level": "INFO", "logger": "bot.client", "msg": "Order placed — id=4855034 status=NEW", "event": "order.placed", "order_id": 4855034, "status": "NEW"}
{"ts": "2026-07-07T05:40:09", "level": "INFO", "logger": "bot.orders", "msg": "Order recorded — id=4855034 symbol=BTCUSDT status=NEW execQty=0.0 avgPrice=0.0", "event": "order.recorded", "order_id": 4855034, "symbol": "BTCUSDT", "side": "BUY", "type": "STOP", "status": "NEW", "orig_qty": "0.001", "executed_qty": "0.0", "avg_price": "0.00000", "price": "66200.0", "stop_price": "66000.0"}
{"ts": "2026-07-07T05:40:12", "level": "ERROR", "logger": "__main__", "msg": "Validation error: Price is required for LIMIT and STOP orders."}
{"ts": "2026-07-07T05:40:15", "level": "WARNING", "logger": "bot.client", "msg": "Connection error on attempt 1: HTTPSConnectionPool(host='testnet.binancefuture.com', port=443): Max retries exceeded"}
{"ts": "2026-07-07T05:40:15", "level": "INFO", "logger": "bot.client", "msg": "Retrying in 1.0s …"}
{"ts": "2026-07-07T05:40:16", "level": "DEBUG", "logger": "bot.client", "msg": "HTTP POST https://testnet.binancefuture.com/fapi/v1/order (attempt 2)", "url": "https://testnet.binancefuture.com/fapi/v1/order"}
{"ts": "2026-07-07T05:40:16", "level": "DEBUG", "logger": "bot.client", "msg": "HTTP 200 from https://testnet.binancefuture.com/fapi/v1/order", "status_code": 200, "url": "https://testnet.binancefuture.com/fapi/v1/order"}
{"ts": "2026-07-07T11:15:56", "level": "DEBUG", "logger": "root", "msg": "Logging initialised — file=%s, orders=%s", "name": "root", "args": ["logs\\trading_bot.log", "logs\\orders.log"], "levelname": "DEBUG", "levelno": 10, "pathname": "C:\\Pm\\Projects\\Trading Bot\\bot\\logging_config.py", "filename": "logging_config.py", "module": "logging_config", "exc_info": null, "exc_text": null, "stack_info": null, "lineno": 149, "funcName": "setup_logging", "created": 1783403156.93036, "msecs": 930.0, "relativeCreated": 282.4281, "thread": 5144, "threadName": "MainThread", "processName": "MainProcess", "process": 5928, "taskName": null}
{"ts": "2026-07-07T11:15:57", "level": "DEBUG", "logger": "root", "msg": "Logging initialised — file=%s, orders=%s", "name": "root", "args": ["logs\\trading_bot.log", "logs\\orders.log"], "levelname": "DEBUG", "levelno": 10, "pathname": "C:\\Pm\\Projects\\Trading Bot\\bot\\logging_config.py", "filename": "logging_config.py", "module": "logging_config", "exc_info": null, "exc_text": null, "stack_info": null, "lineno": 149, "funcName": "setup_logging", "created": 1783403157.3897114, "msecs": 389.0, "relativeCreated": 271.6622, "thread": 19500, "threadName": "MainThread", "processName": "MainProcess", "process": 18040, "taskName": null}
{"ts": "2026-07-07T11:17:39", "level": "DEBUG", "logger": "root", "msg": "Logging initialised — file=%s, orders=%s", "name": "root", "args": ["logs\\trading_bot.log", "logs\\orders.log"], "levelname": "DEBUG", "levelno": 10, "pathname": "C:\\Pm\\Projects\\Trading Bot\\bot\\logging_config.py", "filename": "logging_config.py", "module": "logging_config", "exc_info": null, "exc_text": null, "stack_info": null, "lineno": 149, "funcName": "setup_logging", "created": 1783403259.803659, "msecs": 803.0, "relativeCreated": 383.6136, "thread": 6236, "threadName": "MainThread", "processName": "MainProcess", "process": 12900, "taskName": null}
{"ts": "2026-07-07T11:17:39", "level": "INFO", "logger": "werkzeug", "msg": "\u001b[31m\u001b[1mWARNING: This is a development server. Do not use it in a production deployment. Use a production WSGI server instead.\u001b[0m\n * Running on http://127.0.0.1:5000", "name": "werkzeug", "args": [], "levelname": "INFO", "levelno": 20, "pathname": "C:\\Pm\\Projects\\Trading Bot\\venv\\Lib\\site-packages\\werkzeug\\_internal.py", "filename": "_internal.py", "module": "_internal", "exc_info": null, "exc_text": null, "stack_info": null, "lineno": 97, "funcName": "_log", "created": 1783403259.8240213, "msecs": 824.0, "relativeCreated": 403.9759, "thread": 6236, "threadName": "MainThread", "processName": "MainProcess", "process": 12900, "taskName": null}
{"ts": "2026-07-07T11:17:39", "level": "INFO", "logger": "werkzeug", "msg": "\u001b[33mPress CTRL+C to quit\u001b[0m", "name": "werkzeug", "args": [], "levelname": "INFO", "levelno": 20, "pathname": "C:\\Pm\\Projects\\Trading Bot\\venv\\Lib\\site-packages\\werkzeug\\_internal.py", "filename": "_internal.py", "module": "_internal", "exc_info": null, "exc_text": null, "stack_info": null, "lineno": 97, "funcName": "_log", "created": 1783403259.8244877, "msecs": 824.0, "relativeCreated": 404.4423, "thread": 6236, "threadName": "MainThread", "processName": "MainProcess", "process": 12900, "taskName": null}
